[2018-08-07 14:05:32] request.CRITICAL: Uncaught PHP Exception RuntimeException: "Session Storage was not able to create directory "/var/www/html/FormdGseb/var/sessions/prod"" at /var/www/html/FormdGseb/vendor/symfony/symfony/src/Symfony/Component/HttpFoundation/Session/Storage/Handler/NativeFileSessionHandler.php line 49 {"exception":"[object] (RuntimeException(code: 0): Session Storage was not able to create directory \"/var/www/html/FormdGseb/var/sessions/prod\" at /var/www/html/FormdGseb/vendor/symfony/symfony/src/Symfony/Component/HttpFoundation/Session/Storage/Handler/NativeFileSessionHandler.php:49)"} []
[2009-01-01 00:04:10] request.INFO: Matched route "gseb_core_home". {"route":"gseb_core_home","route_parameters":{"_controller":"GSEB\\CoreBundle\\Controller\\CoreController::indexAction","_route":"gseb_core_home"},"request_uri":"http://formdgseb.com/app.php/","method":"GET"} []
[2009-01-01 00:04:10] security.INFO: Populated the TokenStorage with an anonymous Token. [] []
[2009-01-01 00:04:11] request.CRITICAL: Uncaught PHP Exception Twig_Error_Loader: "There are no registered paths for namespace "GSEBCore"." at /var/www/html/FormdGseb/vendor/twig/twig/lib/Twig/Loader/Filesystem.php line 209 {"exception":"[object] (Twig_Error_Loader(code: 0): There are no registered paths for namespace \"GSEBCore\". at /var/www/html/FormdGseb/vendor/twig/twig/lib/Twig/Loader/Filesystem.php:209)"} []
[2018-08-08 09:24:30] request.INFO: Matched route "gseb_core_home". {"route":"gseb_core_home","route_parameters":{"_controller":"GSEB\\CoreBundle\\Controller\\CoreController::indexAction","_route":"gseb_core_home"},"request_uri":"http://formdgseb.com/app.php/","method":"GET"} []
[2018-08-08 09:24:30] security.INFO: Populated the TokenStorage with an anonymous Token. [] []
[2018-08-08 09:24:30] request.CRITICAL: Uncaught PHP Exception Twig_Error_Loader: "There are no registered paths for namespace "GSEBCore"." at /var/www/html/FormdGseb/vendor/twig/twig/lib/Twig/Loader/Filesystem.php line 209 {"exception":"[object] (Twig_Error_Loader(code: 0): There are no registered paths for namespace \"GSEBCore\". at /var/www/html/FormdGseb/vendor/twig/twig/lib/Twig/Loader/Filesystem.php:209)"} []
[2018-08-08 14:22:56] request.INFO: Matched route "gseb_core_home". {"route":"gseb_core_home","route_parameters":{"_controller":"GSEB\\CoreBundle\\Controller\\CoreController::indexAction","_route":"gseb_core_home"},"request_uri":"http://formdgseb.com/app.php/","method":"GET"} []
[2018-08-08 14:22:57] security.INFO: Populated the TokenStorage with an anonymous Token. [] []
[2018-08-08 14:22:57] request.CRITICAL: Uncaught PHP Exception Twig_Error_Loader: "There are no registered paths for namespace "GSEBCore"." at /var/www/html/FormdGseb/vendor/twig/twig/lib/Twig/Loader/Filesystem.php line 209 {"exception":"[object] (Twig_Error_Loader(code: 0): There are no registered paths for namespace \"GSEBCore\". at /var/www/html/FormdGseb/vendor/twig/twig/lib/Twig/Loader/Filesystem.php:209)"} []
[2009-01-01 00:05:23] request.INFO: Matched route "gseb_platform_home". {"route":"gseb_platform_home","route_parameters":{"_controller":"GSEB\\PlatformBundle\\Controller\\ActionController::indexAction","action":"aff","_route":"gseb_platform_home"},"request_uri":"http://formdgseb.com/app.php/platform/aff","method":"GET"} []
[2009-01-01 00:05:23] security.INFO: Populated the TokenStorage with an anonymous Token. [] []
[2009-01-01 00:05:23] request.CRITICAL: Uncaught PHP Exception LogicException: "The controller must return a response (null given). Did you forget to add a return statement somewhere in your controller?" at /var/www/html/FormdGseb/var/cache/prod/classes.php line 4941 {"exception":"[object] (LogicException(code: 0): The controller must return a response (null given). Did you forget to add a return statement somewhere in your controller? at /var/www/html/FormdGseb/var/cache/prod/classes.php:4941)"} []
[2009-01-01 00:05:32] request.INFO: Matched route "gseb_platform_home". {"route":"gseb_platform_home","route_parameters":{"_controller":"GSEB\\PlatformBundle\\Controller\\ActionController::indexAction","action":"aff","_route":"gseb_platform_home"},"request_uri":"http://formdgseb.com/app.php/platform/aff","method":"GET"} []
[2009-01-01 00:05:32] security.INFO: Populated the TokenStorage with an anonymous Token. [] []
[2009-01-01 00:05:32] request.CRITICAL: Uncaught PHP Exception LogicException: "The controller must return a response (null given). Did you forget to add a return statement somewhere in your controller?" at /var/www/html/FormdGseb/var/cache/prod/classes.php line 4941 {"exception":"[object] (LogicException(code: 0): The controller must return a response (null given). Did you forget to add a return statement somewhere in your controller? at /var/www/html/FormdGseb/var/cache/prod/classes.php:4941)"} []
[2009-01-01 00:06:11] request.INFO: Matched route "gseb_platform_home". {"route":"gseb_platform_home","route_parameters":{"_controller":"GSEB\\PlatformBundle\\Controller\\ActionController::indexAction","action":"aff","_route":"gseb_platform_home"},"request_uri":"http://formdgseb.com/app.php/platform/aff","method":"GET"} []
[2009-01-01 00:06:11] security.INFO: Populated the TokenStorage with an anonymous Token. [] []
[2009-01-01 00:06:11] request.CRITICAL: Uncaught PHP Exception LogicException: "The controller must return a response (null given). Did you forget to add a return statement somewhere in your controller?" at /var/www/html/FormdGseb/var/cache/prod/classes.php line 4941 {"exception":"[object] (LogicException(code: 0): The controller must return a response (null given). Did you forget to add a return statement somewhere in your controller? at /var/www/html/FormdGseb/var/cache/prod/classes.php:4941)"} []
[2009-01-01 00:07:18] request.INFO: Matched route "gseb_platform_home". {"route":"gseb_platform_home","route_parameters":{"_controller":"GSEB\\PlatformBundle\\Controller\\ActionController::indexAction","action":"aff","_route":"gseb_platform_home"},"request_uri":"http://formdgseb.com/app.php/platform/aff","method":"GET"} []
[2009-01-01 00:07:18] security.INFO: Populated the TokenStorage with an anonymous Token. [] []
[2009-01-01 00:07:18] request.CRITICAL: Uncaught PHP Exception LogicException: "The controller must return a response (null given). Did you forget to add a return statement somewhere in your controller?" at /var/www/html/FormdGseb/var/cache/prod/classes.php line 4941 {"exception":"[object] (LogicException(code: 0): The controller must return a response (null given). Did you forget to add a return statement somewhere in your controller? at /var/www/html/FormdGseb/var/cache/prod/classes.php:4941)"} []
[2009-01-01 00:05:04] request.INFO: Matched route "gseb_platform_add_form". {"route":"gseb_platform_add_form","route_parameters":{"_controller":"GSEB\\PlatformBundle\\Controller\\FormController::salleAction","id_demande":"45","_route":"gseb_platform_add_form"},"request_uri":"http://formdgseb.com/app.php/platform/add/45","method":"GET"} []
[2009-01-01 00:05:04] security.INFO: Populated the TokenStorage with an anonymous Token. [] []
[2009-01-01 00:05:04] request.CRITICAL: Uncaught PHP Exception InvalidArgumentException: "Class "GSEB\PlatformBundle\Controller\FormController" does not exist." at /var/www/html/FormdGseb/var/cache/prod/classes.php line 4453 {"exception":"[object] (InvalidArgumentException(code: 0): Class \"GSEB\\PlatformBundle\\Controller\\FormController\" does not exist. at /var/www/html/FormdGseb/var/cache/prod/classes.php:4453)"} []
[2018-08-13 09:44:23] request.INFO: Matched route "gseb_platform_add_form". {"route":"gseb_platform_add_form","route_parameters":{"_controller":"GSEB\\PlatformBundle\\Controller\\FormController::salleAction","id_demande":"45","_route":"gseb_platform_add_form"},"request_uri":"http://formdgseb.com/app.php/platform/add/45","method":"GET"} []
[2018-08-13 09:44:23] security.INFO: Populated the TokenStorage with an anonymous Token. [] []
[2018-08-13 09:44:23] request.CRITICAL: Uncaught PHP Exception InvalidArgumentException: "Class "GSEB\PlatformBundle\Controller\FormController" does not exist." at /var/www/html/FormdGseb/var/cache/prod/classes.php line 4453 {"exception":"[object] (InvalidArgumentException(code: 0): Class \"GSEB\\PlatformBundle\\Controller\\FormController\" does not exist. at /var/www/html/FormdGseb/var/cache/prod/classes.php:4453)"} []
[2018-08-14 14:56:08] request.INFO: Matched route "gseb_platform_add_form". {"route":"gseb_platform_add_form","route_parameters":{"_controller":"GSEB\\PlatformBundle\\Controller\\FormController::salleAction","id_demande":"45","_route":"gseb_platform_add_form"},"request_uri":"http://formdgseb.com/app.php/platform/add/45","method":"GET"} []
[2018-08-14 14:56:08] security.INFO: Populated the TokenStorage with an anonymous Token. [] []
[2018-08-14 14:56:08] request.CRITICAL: Uncaught PHP Exception InvalidArgumentException: "Class "GSEB\PlatformBundle\Controller\FormController" does not exist." at /var/www/html/FormdGseb/var/cache/prod/classes.php line 4453 {"exception":"[object] (InvalidArgumentException(code: 0): Class \"GSEB\\PlatformBundle\\Controller\\FormController\" does not exist. at /var/www/html/FormdGseb/var/cache/prod/classes.php:4453)"} []
[2009-01-01 00:05:21] request.INFO: Matched route "gseb_platform_add_form". {"route":"gseb_platform_add_form","route_parameters":{"_controller":"GSEB\\PlatformBundle\\Controller\\FormController::salleAction","id_demande":"45","_route":"gseb_platform_add_form"},"request_uri":"http://formdgseb.com/app.php/platform/add/45","method":"GET"} []
[2009-01-01 00:05:21] security.INFO: Populated the TokenStorage with an anonymous Token. [] []
[2009-01-01 00:05:21] request.CRITICAL: Uncaught PHP Exception InvalidArgumentException: "Class "GSEB\PlatformBundle\Controller\FormController" does not exist." at /var/www/html/FormdGseb/var/cache/prod/classes.php line 4453 {"exception":"[object] (InvalidArgumentException(code: 0): Class \"GSEB\\PlatformBundle\\Controller\\FormController\" does not exist. at /var/www/html/FormdGseb/var/cache/prod/classes.php:4453)"} []
[2018-08-21 09:54:03] request.INFO: Matched route "gseb_platform_add_form". {"route":"gseb_platform_add_form","route_parameters":{"_controller":"GSEB\\PlatformBundle\\Controller\\FormController::salleAction","id_demande":"45","_route":"gseb_platform_add_form"},"request_uri":"http://formdgseb.com/app.php/platform/add/45","method":"GET"} []
[2018-08-21 09:54:03] security.INFO: Populated the TokenStorage with an anonymous Token. [] []
[2018-08-21 09:54:03] request.CRITICAL: Uncaught PHP Exception InvalidArgumentException: "Class "GSEB\PlatformBundle\Controller\FormController" does not exist." at /var/www/html/FormdGseb/var/cache/prod/classes.php line 4453 {"exception":"[object] (InvalidArgumentException(code: 0): Class \"GSEB\\PlatformBundle\\Controller\\FormController\" does not exist. at /var/www/html/FormdGseb/var/cache/prod/classes.php:4453)"} []
[2018-08-21 09:55:08] request.INFO: Matched route "gseb_platform_add_form". {"route":"gseb_platform_add_form","route_parameters":{"_controller":"GSEB\\PlatformBundle\\Controller\\FormController::salleAction","id_demande":"45","_route":"gseb_platform_add_form"},"request_uri":"http://formdgseb.com/app.php/platform/add/45","method":"GET"} []
[2018-08-21 09:55:08] security.INFO: Populated the TokenStorage with an anonymous Token. [] []
[2018-08-21 09:55:08] request.CRITICAL: Uncaught PHP Exception InvalidArgumentException: "Class "GSEB\PlatformBundle\Controller\FormController" does not exist." at /var/www/html/FormdGseb/var/cache/prod/classes.php line 4453 {"exception":"[object] (InvalidArgumentException(code: 0): Class \"GSEB\\PlatformBundle\\Controller\\FormController\" does not exist. at /var/www/html/FormdGseb/var/cache/prod/classes.php:4453)"} []
